{
  "stats": {
    "suites": 2,
    "tests": 1,
    "passes": 1,
    "pending": 0,
    "failures": 0,
    "start": "2020-07-18T13:34:25.304Z",
    "end": "2020-07-18T13:34:27.959Z",
    "duration": 2655,
    "testsRegistered": 1,
    "passPercent": 100,
    "pendingPercent": 0,
    "other": 0,
    "hasOther": false,
    "skipped": 0,
    "hasSkipped": false
  },
  "results": [
    {
      "uuid": "53c5db03-2658-4dfc-84f0-866a9643eb42",
      "title": "",
      "fullFile": "cypress/integration/pass/pass.spec.js",
      "file": "cypress/integration/pass/pass.spec.js",
      "beforeHooks": [],
      "afterHooks": [],
      "tests": [],
      "suites": [
        {
          "uuid": "2e481c83-d24a-494f-be02-c242c9834b70",
          "title": "pass",
          "fullFile": "",
          "file": "",
          "beforeHooks": [],
          "afterHooks": [],
          "tests": [],
          "suites": [
            {
              "uuid": "5662da0c-b1a9-4b3f-9920-b6c9decefc2c",
              "title": "pass a test",
              "fullFile": "",
              "file": "",
              "beforeHooks": [],
              "afterHooks": [],
              "tests": [
                {
                  "title": "passes a test",
                  "fullTitle": "pass pass a test passes a test",
                  "timedOut": null,
                  "duration": 1299,
                  "state": "passed",
                  "speed": "slow",
                  "pass": true,
                  "fail": false,
                  "pending": false,
                  "context": null,
                  "code": "cy.visit(\"http://google.com\").should(\"be\", \"<window>\");",
                  "err": {},
                  "uuid": "0e6a5aa0-0b9f-4473-88ca-3bbaaf69f331",
                  "parentUUID": "5662da0c-b1a9-4b3f-9920-b6c9decefc2c",
                  "isHook": false,
                  "skipped": false
                }
              ],
              "suites": [],
              "passes": [
                "0e6a5aa0-0b9f-4473-88ca-3bbaaf69f331"
              ],
              "failures": [],
              "pending": [],
              "skipped": [],
              "duration": 1299,
              "root": false,
              "rootEmpty": false,
              "_timeout": 2000
            }
          ],
          "passes": [],
          "failures": [],
          "pending": [],
          "skipped": [],
          "duration": 0,
          "root": false,
          "rootEmpty": false,
          "_timeout": 2000
        }
      ],
      "passes": [],
      "failures": [],
      "pending": [],
      "skipped": [],
      "duration": 0,
      "root": true,
      "rootEmpty": true,
      "_timeout": 2000
    }
  ],
  "meta": {
    "mocha": {
      "version": "7.0.1"
    },
    "mochawesome": {
      "options": {
        "quiet": false,
        "reportFilename": "mochawesome",
        "saveHtml": false,
        "saveJson": true,
        "consoleReporter": "spec",
        "useInlineDiffs": false,
        "code": true
      },
      "version": "6.1.1"
    },
    "marge": {
      "options": {
        "id": "default",
        "reportDir": "cypress/reports/mocha",
        "quiet": false,
        "overwrite": true,
        "html": false,
        "json": true
      },
      "version": "5.1.0"
    }
  }
}