{
  "stats": {
    "suites": 2,
    "tests": 1,
    "passes": 1,
    "pending": 0,
    "failures": 0,
    "start": "2020-07-18T13:33:59.224Z",
    "end": "2020-07-18T13:34:01.938Z",
    "duration": 2714,
    "testsRegistered": 1,
    "passPercent": 100,
    "pendingPercent": 0,
    "other": 0,
    "hasOther": false,
    "skipped": 0,
    "hasSkipped": false
  },
  "results": [
    {
      "uuid": "20afcbed-224a-4809-adab-c6c00af7f259",
      "title": "",
      "fullFile": "cypress/integration/pass/pass.spec.js",
      "file": "cypress/integration/pass/pass.spec.js",
      "beforeHooks": [],
      "afterHooks": [],
      "tests": [],
      "suites": [
        {
          "uuid": "6b16a222-c11c-4a15-9c2b-ecad3ac04649",
          "title": "pass",
          "fullFile": "",
          "file": "",
          "beforeHooks": [],
          "afterHooks": [],
          "tests": [],
          "suites": [
            {
              "uuid": "fc0d8648-5f61-4834-9665-4f2b28d66eb6",
              "title": "pass a test",
              "fullFile": "",
              "file": "",
              "beforeHooks": [],
              "afterHooks": [],
              "tests": [
                {
                  "title": "passes a test",
                  "fullTitle": "pass pass a test passes a test",
                  "timedOut": null,
                  "duration": 1289,
                  "state": "passed",
                  "speed": "slow",
                  "pass": true,
                  "fail": false,
                  "pending": false,
                  "context": null,
                  "code": "cy.visit(\"http://google.com\").should(\"be\", \"<window>\");",
                  "err": {},
                  "uuid": "f290694f-3a6c-45ea-abd8-39c8ad6f7ed8",
                  "parentUUID": "fc0d8648-5f61-4834-9665-4f2b28d66eb6",
                  "isHook": false,
                  "skipped": false
                }
              ],
              "suites": [],
              "passes": [
                "f290694f-3a6c-45ea-abd8-39c8ad6f7ed8"
              ],
              "failures": [],
              "pending": [],
              "skipped": [],
              "duration": 1289,
              "root": false,
              "rootEmpty": false,
              "_timeout": 2000
            }
          ],
          "passes": [],
          "failures": [],
          "pending": [],
          "skipped": [],
          "duration": 0,
          "root": false,
          "rootEmpty": false,
          "_timeout": 2000
        }
      ],
      "passes": [],
      "failures": [],
      "pending": [],
      "skipped": [],
      "duration": 0,
      "root": true,
      "rootEmpty": true,
      "_timeout": 2000
    }
  ],
  "meta": {
    "mocha": {
      "version": "7.0.1"
    },
    "mochawesome": {
      "options": {
        "quiet": false,
        "reportFilename": "mochawesome",
        "saveHtml": true,
        "saveJson": true,
        "consoleReporter": "spec",
        "useInlineDiffs": false,
        "code": true
      },
      "version": "6.1.1"
    },
    "marge": {
      "options": {
        "id": "default",
        "reportDir": "cypress/reports/mocha",
        "quiet": false,
        "overwrite": false,
        "html": true,
        "json": true
      },
      "version": "5.1.0"
    }
  }
}