<?xml version="1.0" encoding="UTF-8"?>
<testsuites name="Mocha Tests" time="1.2990" tests="1" failures="0">
  <testsuite name="Root Suite" timestamp="2020-07-18T13:34:25" tests="0" file="cypress/integration/pass/pass.spec.js" time="0.0000" failures="0">
  </testsuite>
  <testsuite name="pass" timestamp="2020-07-18T13:34:25" tests="0" time="0.0000" failures="0">
  </testsuite>
  <testsuite name="pass a test" timestamp="2020-07-18T13:34:25" tests="1" time="1.2990" failures="0">
    <testcase name="pass pass a test passes a test" time="1.2990" classname="passes a test">
    </testcase>
  </testsuite>
</testsuites>